<?xml version="1.0" encoding="UTF-8"?>
<!-- Generated by org.testng.reporters.JUnitReportReporter -->
<testsuite hostname="RYANESC01" failures="0" tests="1" name="Emapta.Exam.AppTest" time="0.003" errors="0" timestamp="2021-03-17T23:14:48 SGT" skipped="0">
  <testcase classname="Emapta.Exam.AppTest" name="shouldAnswerWithTrue" time="0.003"/>
  <system-out/>
</testsuite> <!-- Emapta.Exam.AppTest -->
