<?xml version="1.0" encoding="UTF-8"?>
<!-- Generated by org.testng.reporters.JUnitReportReporter -->
<testsuite hostname="RYANESC01" failures="0" tests="1" name="Emapta.Exam.Page" time="31.690" errors="0" timestamp="2021-03-18T12:50:27 SGT" skipped="0">
  <testcase classname="Emapta.Exam.Page" name="PageTest" time="31.690"/>
  <system-out/>
</testsuite> <!-- Emapta.Exam.Page -->
