<?xml version="1.0" encoding="UTF-8"?>
<!-- Generated by org.testng.reporters.JUnitReportReporter -->
<testsuite hostname="RYANESC01" failures="0" tests="1" name="Emapta.Exam.AppTest" time="0.009" errors="0" timestamp="2021-03-18T13:10:37 SGT" skipped="0">
  <testcase classname="Emapta.Exam.AppTest" name="shouldAnswerWithTrue" time="0.009"/>
  <system-out/>
</testsuite> <!-- Emapta.Exam.AppTest -->
